[2025-04-08T03:45:02.440+0000] {local_task_job_runner.py:123} INFO - ::group::Pre task execution logs
[2025-04-08T03:45:02.460+0000] {taskinstance.py:2613} INFO - Dependencies all met for dep_context=non-requeueable deps ti=<TaskInstance: job_scrapper.scrape_job_links manual__2025-04-08T03:44:53.662356+00:00 [queued]>
[2025-04-08T03:45:02.471+0000] {taskinstance.py:2613} INFO - Dependencies all met for dep_context=requeueable deps ti=<TaskInstance: job_scrapper.scrape_job_links manual__2025-04-08T03:44:53.662356+00:00 [queued]>
[2025-04-08T03:45:02.471+0000] {taskinstance.py:2866} INFO - Starting attempt 1 of 1
[2025-04-08T03:45:02.488+0000] {taskinstance.py:2889} INFO - Executing <Task(PythonOperator): scrape_job_links> on 2025-04-08 03:44:53.662356+00:00
[2025-04-08T03:45:02.501+0000] {warnings.py:112} WARNING - /home/***/.local/lib/python3.12/site-packages/***/task/task_runner/standard_task_runner.py:70: DeprecationWarning: This process (pid=107) is multi-threaded, use of fork() may lead to deadlocks in the child.
  pid = os.fork()

[2025-04-08T03:45:02.504+0000] {standard_task_runner.py:72} INFO - Started process 108 to run task
[2025-04-08T03:45:02.504+0000] {standard_task_runner.py:104} INFO - Running: ['***', 'tasks', 'run', 'job_scrapper', 'scrape_job_links', 'manual__2025-04-08T03:44:53.662356+00:00', '--job-id', '156', '--raw', '--subdir', 'DAGS_FOLDER/dag_jobs_data_scrapper.py', '--cfg-path', '/tmp/tmp_isv_dxi']
[2025-04-08T03:45:02.510+0000] {standard_task_runner.py:105} INFO - Job 156: Subtask scrape_job_links
[2025-04-08T03:45:02.590+0000] {task_command.py:467} INFO - Running <TaskInstance: job_scrapper.scrape_job_links manual__2025-04-08T03:44:53.662356+00:00 [running]> on host 4875bd53f3b6
[2025-04-08T03:45:02.747+0000] {taskinstance.py:3132} INFO - Exporting env vars: AIRFLOW_CTX_DAG_OWNER='***' AIRFLOW_CTX_DAG_ID='job_scrapper' AIRFLOW_CTX_TASK_ID='scrape_job_links' AIRFLOW_CTX_EXECUTION_DATE='2025-04-08T03:44:53.662356+00:00' AIRFLOW_CTX_TRY_NUMBER='1' AIRFLOW_CTX_DAG_RUN_ID='manual__2025-04-08T03:44:53.662356+00:00'
[2025-04-08T03:45:02.748+0000] {taskinstance.py:731} INFO - ::endgroup::
[2025-04-08T03:45:02.803+0000] {logging_mixin.py:190} INFO - 
Processing job role: data engineer
[2025-04-08T03:45:02.804+0000] {logging_mixin.py:190} INFO - URL: https://www.linkedin.com/jobs/search/?keywords=data+engineer&f_TPR=r500&location=United+States
[2025-04-08T03:45:04.491+0000] {logging_mixin.py:190} INFO - Successfully scraped 56 job links
[2025-04-08T03:45:04.492+0000] {logging_mixin.py:190} INFO - After filtering: 8 relevant job links found
[2025-04-08T03:45:04.494+0000] {python.py:240} INFO - Done. Returned value was: {'data_engineer': [{'url': 'https://www.linkedin.com/jobs/view/data-engineer-isft-at-amazon-4203734054?position=2&pageNum=0&refId=IguYhejqxKGA5lj3Ly51RQ%3D%3D&trackingId=st1jbsfBpuGqVza3MQA6fA%3D%3D', 'title': 'data engineer isft at amazon', 'role': 'data engineer'}, {'url': 'https://www.linkedin.com/jobs/view/ai-data-engineer-automotive-at-alten-technology-usa-4203732416?position=9&pageNum=0&refId=IguYhejqxKGA5lj3Ly51RQ%3D%3D&trackingId=Xhvi8pGtC0Z98zL0m0iRFw%3D%3D', 'title': 'ai data engineer automotive at alten technology usa', 'role': 'data engineer'}, {'url': 'https://www.linkedin.com/jobs/view/avp-tech-lead-data-engineer-at-synchrony-4203572561?position=12&pageNum=0&refId=IguYhejqxKGA5lj3Ly51RQ%3D%3D&trackingId=sAwt3sBge%2BH7hXB8kcJLtA%3D%3D', 'title': 'avp tech lead data engineer at synchrony', 'role': 'data engineer'}, {'url': 'https://www.linkedin.com/jobs/view/digital-data-engineer-remote-at-trustage-4202436420?position=4&pageNum=0&refId=IguYhejqxKGA5lj3Ly51RQ%3D%3D&trackingId=VfSMKQWFADX9fZj%2Fv1m25Q%3D%3D', 'title': 'digital data engineer remote at trustage', 'role': 'data engineer'}, {'url': 'https://www.linkedin.com/jobs/view/data-engineer-iii-hybrid-at-boston-children-s-hospital-4203725828?position=6&pageNum=0&refId=IguYhejqxKGA5lj3Ly51RQ%3D%3D&trackingId=frMcr%2Fi%2BG%2FndwQbaMQsoIg%3D%3D', 'title': 'data engineer iii hybrid at boston children s hospital', 'role': 'data engineer'}, {'url': 'https://www.linkedin.com/jobs/view/big-data-engineer-at-boost-mobile-4203882093?position=5&pageNum=0&refId=IguYhejqxKGA5lj3Ly51RQ%3D%3D&trackingId=e%2Fur4r7zXnd7uM03UEYc7w%3D%3D', 'title': 'big data engineer at boost mobile', 'role': 'data engineer'}, {'url': 'https://www.linkedin.com/jobs/view/avp-tech-lead-data-engineer-at-synchrony-4203571681?position=13&pageNum=0&refId=IguYhejqxKGA5lj3Ly51RQ%3D%3D&trackingId=AS59pOUFdVqfdJPfTfMItQ%3D%3D', 'title': 'avp tech lead data engineer at synchrony', 'role': 'data engineer'}, {'url': 'https://www.linkedin.com/jobs/view/staff-data-engineer-at-nbcuniversal-4202433357?position=15&pageNum=0&refId=IguYhejqxKGA5lj3Ly51RQ%3D%3D&trackingId=Qm9CS2%2BupR7siTQYhsri5w%3D%3D', 'title': 'staff data engineer at nbcuniversal', 'role': 'data engineer'}]}
[2025-04-08T03:45:04.529+0000] {taskinstance.py:340} INFO - ::group::Post task execution logs
[2025-04-08T03:45:04.530+0000] {taskinstance.py:352} INFO - Marking task as SUCCESS. dag_id=job_scrapper, task_id=scrape_job_links, run_id=manual__2025-04-08T03:44:53.662356+00:00, execution_date=20250408T034453, start_date=20250408T034502, end_date=20250408T034504
[2025-04-08T03:45:04.567+0000] {local_task_job_runner.py:266} INFO - Task exited with return code 0
[2025-04-08T03:45:04.596+0000] {taskinstance.py:3895} INFO - 1 downstream tasks scheduled from follow-on schedule check
[2025-04-08T03:45:04.600+0000] {local_task_job_runner.py:245} INFO - ::endgroup::
