[2025-04-09T15:43:17.298+0000] {local_task_job_runner.py:123} INFO - ::group::Pre task execution logs
[2025-04-09T15:43:17.368+0000] {taskinstance.py:2613} INFO - Dependencies all met for dep_context=non-requeueable deps ti=<TaskInstance: job_scrapper.process_jobs_by_role.process_data_engineer_jobs scheduled__2025-04-08T00:00:00+00:00 [queued]>
[2025-04-09T15:43:17.406+0000] {taskinstance.py:2613} INFO - Dependencies all met for dep_context=requeueable deps ti=<TaskInstance: job_scrapper.process_jobs_by_role.process_data_engineer_jobs scheduled__2025-04-08T00:00:00+00:00 [queued]>
[2025-04-09T15:43:17.407+0000] {taskinstance.py:2866} INFO - Starting attempt 1 of 1
[2025-04-09T15:43:17.494+0000] {taskinstance.py:2889} INFO - Executing <Task(PythonOperator): process_jobs_by_role.process_data_engineer_jobs> on 2025-04-08 00:00:00+00:00
[2025-04-09T15:43:17.536+0000] {warnings.py:112} WARNING - /home/***/.local/lib/python3.12/site-packages/***/task/task_runner/standard_task_runner.py:70: DeprecationWarning: This process (pid=86) is multi-threaded, use of fork() may lead to deadlocks in the child.
  pid = os.fork()

[2025-04-09T15:43:17.547+0000] {standard_task_runner.py:72} INFO - Started process 87 to run task
[2025-04-09T15:43:17.545+0000] {standard_task_runner.py:104} INFO - Running: ['***', 'tasks', 'run', 'job_scrapper', 'process_jobs_by_role.process_data_engineer_jobs', 'scheduled__2025-04-08T00:00:00+00:00', '--job-id', '163', '--raw', '--subdir', 'DAGS_FOLDER/dag_jobs_data_scrapper.py', '--cfg-path', '/tmp/tmpnigfe9ww']
[2025-04-09T15:43:17.553+0000] {standard_task_runner.py:105} INFO - Job 163: Subtask process_jobs_by_role.process_data_engineer_jobs
[2025-04-09T15:43:17.718+0000] {task_command.py:467} INFO - Running <TaskInstance: job_scrapper.process_jobs_by_role.process_data_engineer_jobs scheduled__2025-04-08T00:00:00+00:00 [running]> on host 4875bd53f3b6
[2025-04-09T15:43:18.229+0000] {taskinstance.py:3132} INFO - Exporting env vars: AIRFLOW_CTX_DAG_OWNER='***' AIRFLOW_CTX_DAG_ID='job_scrapper' AIRFLOW_CTX_TASK_ID='process_jobs_by_role.process_data_engineer_jobs' AIRFLOW_CTX_EXECUTION_DATE='2025-04-08T00:00:00+00:00' AIRFLOW_CTX_TRY_NUMBER='1' AIRFLOW_CTX_DAG_RUN_ID='scheduled__2025-04-08T00:00:00+00:00'
[2025-04-09T15:43:18.234+0000] {taskinstance.py:731} INFO - ::endgroup::
[2025-04-09T15:43:18.399+0000] {logging_mixin.py:190} INFO - Warning: Could not remove temporary file: cannot access local variable 'temp_file' where it is not associated with a value
[2025-04-09T15:43:18.402+0000] {logging_mixin.py:190} INFO - All jobs successfully saved to JSON and uploaded to GCS
[2025-04-09T15:43:18.402+0000] {python.py:240} INFO - Done. Returned value was: []
[2025-04-09T15:43:18.549+0000] {taskinstance.py:340} INFO - ::group::Post task execution logs
[2025-04-09T15:43:18.550+0000] {taskinstance.py:352} INFO - Marking task as SUCCESS. dag_id=job_scrapper, task_id=process_jobs_by_role.process_data_engineer_jobs, run_id=scheduled__2025-04-08T00:00:00+00:00, execution_date=20250408T000000, start_date=20250409T154317, end_date=20250409T154318
[2025-04-09T15:43:18.763+0000] {local_task_job_runner.py:266} INFO - Task exited with return code 0
[2025-04-09T15:43:18.798+0000] {taskinstance.py:3895} INFO - 0 downstream tasks scheduled from follow-on schedule check
[2025-04-09T15:43:18.833+0000] {local_task_job_runner.py:245} INFO - ::endgroup::
