[2025-04-08T03:42:57.066+0000] {processor.py:186} INFO - Started process (PID=83) to work on /opt/airflow/dags/dag_jobs_data_scrapper.py
[2025-04-08T03:42:57.068+0000] {processor.py:914} INFO - Processing file /opt/airflow/dags/dag_jobs_data_scrapper.py for tasks to queue
[2025-04-08T03:42:57.081+0000] {logging_mixin.py:190} INFO - [2025-04-08T03:42:57.080+0000] {dagbag.py:588} INFO - Filling up the DagBag from /opt/airflow/dags/dag_jobs_data_scrapper.py
[2025-04-08T03:42:58.027+0000] {processor.py:925} INFO - DAG(s) 'job_scrapper' retrieved from /opt/airflow/dags/dag_jobs_data_scrapper.py
[2025-04-08T03:42:58.093+0000] {logging_mixin.py:190} INFO - [2025-04-08T03:42:58.093+0000] {dag.py:3239} INFO - Sync 1 DAGs
[2025-04-08T03:42:58.141+0000] {logging_mixin.py:190} INFO - [2025-04-08T03:42:58.140+0000] {dag.py:4180} INFO - Setting next_dagrun for job_scrapper to 2025-04-08 00:00:00+00:00, run_after=2025-04-09 00:00:00+00:00
[2025-04-08T03:42:58.179+0000] {processor.py:208} INFO - Processing /opt/airflow/dags/dag_jobs_data_scrapper.py took 1.130 seconds
[2025-04-08T03:43:28.989+0000] {processor.py:186} INFO - Started process (PID=91) to work on /opt/airflow/dags/dag_jobs_data_scrapper.py
[2025-04-08T03:43:29.002+0000] {processor.py:914} INFO - Processing file /opt/airflow/dags/dag_jobs_data_scrapper.py for tasks to queue
[2025-04-08T03:43:29.097+0000] {logging_mixin.py:190} INFO - [2025-04-08T03:43:29.081+0000] {dagbag.py:588} INFO - Filling up the DagBag from /opt/airflow/dags/dag_jobs_data_scrapper.py
[2025-04-08T03:43:30.376+0000] {processor.py:925} INFO - DAG(s) 'job_scrapper' retrieved from /opt/airflow/dags/dag_jobs_data_scrapper.py
[2025-04-08T03:43:30.488+0000] {logging_mixin.py:190} INFO - [2025-04-08T03:43:30.487+0000] {dag.py:3239} INFO - Sync 1 DAGs
[2025-04-08T03:43:30.591+0000] {logging_mixin.py:190} INFO - [2025-04-08T03:43:30.590+0000] {dag.py:4180} INFO - Setting next_dagrun for job_scrapper to 2025-04-08 00:00:00+00:00, run_after=2025-04-09 00:00:00+00:00
[2025-04-08T03:43:30.661+0000] {processor.py:208} INFO - Processing /opt/airflow/dags/dag_jobs_data_scrapper.py took 1.793 seconds
[2025-04-08T03:44:01.150+0000] {processor.py:186} INFO - Started process (PID=98) to work on /opt/airflow/dags/dag_jobs_data_scrapper.py
[2025-04-08T03:44:01.152+0000] {processor.py:914} INFO - Processing file /opt/airflow/dags/dag_jobs_data_scrapper.py for tasks to queue
[2025-04-08T03:44:01.155+0000] {logging_mixin.py:190} INFO - [2025-04-08T03:44:01.154+0000] {dagbag.py:588} INFO - Filling up the DagBag from /opt/airflow/dags/dag_jobs_data_scrapper.py
[2025-04-08T03:44:01.351+0000] {processor.py:925} INFO - DAG(s) 'job_scrapper' retrieved from /opt/airflow/dags/dag_jobs_data_scrapper.py
[2025-04-08T03:44:01.392+0000] {logging_mixin.py:190} INFO - [2025-04-08T03:44:01.391+0000] {dag.py:3239} INFO - Sync 1 DAGs
[2025-04-08T03:44:01.426+0000] {logging_mixin.py:190} INFO - [2025-04-08T03:44:01.426+0000] {dag.py:4180} INFO - Setting next_dagrun for job_scrapper to 2025-04-08 00:00:00+00:00, run_after=2025-04-09 00:00:00+00:00
[2025-04-08T03:44:01.456+0000] {processor.py:208} INFO - Processing /opt/airflow/dags/dag_jobs_data_scrapper.py took 0.336 seconds
[2025-04-08T03:44:32.021+0000] {processor.py:186} INFO - Started process (PID=105) to work on /opt/airflow/dags/dag_jobs_data_scrapper.py
[2025-04-08T03:44:32.022+0000] {processor.py:914} INFO - Processing file /opt/airflow/dags/dag_jobs_data_scrapper.py for tasks to queue
[2025-04-08T03:44:32.026+0000] {logging_mixin.py:190} INFO - [2025-04-08T03:44:32.026+0000] {dagbag.py:588} INFO - Filling up the DagBag from /opt/airflow/dags/dag_jobs_data_scrapper.py
[2025-04-08T03:44:32.310+0000] {processor.py:925} INFO - DAG(s) 'job_scrapper' retrieved from /opt/airflow/dags/dag_jobs_data_scrapper.py
[2025-04-08T03:44:32.348+0000] {logging_mixin.py:190} INFO - [2025-04-08T03:44:32.347+0000] {dag.py:3239} INFO - Sync 1 DAGs
[2025-04-08T03:44:32.384+0000] {logging_mixin.py:190} INFO - [2025-04-08T03:44:32.384+0000] {dag.py:4180} INFO - Setting next_dagrun for job_scrapper to 2025-04-08 00:00:00+00:00, run_after=2025-04-09 00:00:00+00:00
[2025-04-08T03:44:32.415+0000] {processor.py:208} INFO - Processing /opt/airflow/dags/dag_jobs_data_scrapper.py took 0.402 seconds
[2025-04-08T03:45:02.487+0000] {processor.py:186} INFO - Started process (PID=112) to work on /opt/airflow/dags/dag_jobs_data_scrapper.py
[2025-04-08T03:45:02.488+0000] {processor.py:914} INFO - Processing file /opt/airflow/dags/dag_jobs_data_scrapper.py for tasks to queue
[2025-04-08T03:45:02.493+0000] {logging_mixin.py:190} INFO - [2025-04-08T03:45:02.493+0000] {dagbag.py:588} INFO - Filling up the DagBag from /opt/airflow/dags/dag_jobs_data_scrapper.py
[2025-04-08T03:45:02.783+0000] {processor.py:925} INFO - DAG(s) 'job_scrapper' retrieved from /opt/airflow/dags/dag_jobs_data_scrapper.py
[2025-04-08T03:45:02.813+0000] {logging_mixin.py:190} INFO - [2025-04-08T03:45:02.812+0000] {dag.py:3239} INFO - Sync 1 DAGs
[2025-04-08T03:45:02.839+0000] {logging_mixin.py:190} INFO - [2025-04-08T03:45:02.839+0000] {dag.py:4180} INFO - Setting next_dagrun for job_scrapper to 2025-04-08 00:00:00+00:00, run_after=2025-04-09 00:00:00+00:00
[2025-04-08T03:45:02.861+0000] {processor.py:208} INFO - Processing /opt/airflow/dags/dag_jobs_data_scrapper.py took 0.382 seconds
[2025-04-08T03:45:33.030+0000] {processor.py:186} INFO - Started process (PID=119) to work on /opt/airflow/dags/dag_jobs_data_scrapper.py
[2025-04-08T03:45:33.034+0000] {processor.py:914} INFO - Processing file /opt/airflow/dags/dag_jobs_data_scrapper.py for tasks to queue
[2025-04-08T03:45:33.050+0000] {logging_mixin.py:190} INFO - [2025-04-08T03:45:33.049+0000] {dagbag.py:588} INFO - Filling up the DagBag from /opt/airflow/dags/dag_jobs_data_scrapper.py
[2025-04-08T03:45:33.317+0000] {processor.py:925} INFO - DAG(s) 'job_scrapper' retrieved from /opt/airflow/dags/dag_jobs_data_scrapper.py
[2025-04-08T03:45:33.357+0000] {logging_mixin.py:190} INFO - [2025-04-08T03:45:33.356+0000] {dag.py:3239} INFO - Sync 1 DAGs
[2025-04-08T03:45:33.383+0000] {logging_mixin.py:190} INFO - [2025-04-08T03:45:33.383+0000] {dag.py:4180} INFO - Setting next_dagrun for job_scrapper to 2025-04-08 00:00:00+00:00, run_after=2025-04-09 00:00:00+00:00
[2025-04-08T03:45:33.405+0000] {processor.py:208} INFO - Processing /opt/airflow/dags/dag_jobs_data_scrapper.py took 0.422 seconds
[2025-04-08T03:46:03.984+0000] {processor.py:186} INFO - Started process (PID=126) to work on /opt/airflow/dags/dag_jobs_data_scrapper.py
[2025-04-08T03:46:03.986+0000] {processor.py:914} INFO - Processing file /opt/airflow/dags/dag_jobs_data_scrapper.py for tasks to queue
[2025-04-08T03:46:04.000+0000] {logging_mixin.py:190} INFO - [2025-04-08T03:46:03.997+0000] {dagbag.py:588} INFO - Filling up the DagBag from /opt/airflow/dags/dag_jobs_data_scrapper.py
[2025-04-08T03:46:04.364+0000] {processor.py:925} INFO - DAG(s) 'job_scrapper' retrieved from /opt/airflow/dags/dag_jobs_data_scrapper.py
[2025-04-08T03:46:04.409+0000] {logging_mixin.py:190} INFO - [2025-04-08T03:46:04.408+0000] {dag.py:3239} INFO - Sync 1 DAGs
[2025-04-08T03:46:04.450+0000] {logging_mixin.py:190} INFO - [2025-04-08T03:46:04.449+0000] {dag.py:4180} INFO - Setting next_dagrun for job_scrapper to 2025-04-08 00:00:00+00:00, run_after=2025-04-09 00:00:00+00:00
[2025-04-08T03:46:04.479+0000] {processor.py:208} INFO - Processing /opt/airflow/dags/dag_jobs_data_scrapper.py took 0.523 seconds
[2025-04-08T03:46:35.224+0000] {processor.py:186} INFO - Started process (PID=133) to work on /opt/airflow/dags/dag_jobs_data_scrapper.py
[2025-04-08T03:46:35.228+0000] {processor.py:914} INFO - Processing file /opt/airflow/dags/dag_jobs_data_scrapper.py for tasks to queue
[2025-04-08T03:46:35.248+0000] {logging_mixin.py:190} INFO - [2025-04-08T03:46:35.246+0000] {dagbag.py:588} INFO - Filling up the DagBag from /opt/airflow/dags/dag_jobs_data_scrapper.py
[2025-04-08T03:46:35.774+0000] {processor.py:925} INFO - DAG(s) 'job_scrapper' retrieved from /opt/airflow/dags/dag_jobs_data_scrapper.py
[2025-04-08T03:46:35.878+0000] {logging_mixin.py:190} INFO - [2025-04-08T03:46:35.877+0000] {dag.py:3239} INFO - Sync 1 DAGs
[2025-04-08T03:46:35.957+0000] {logging_mixin.py:190} INFO - [2025-04-08T03:46:35.956+0000] {dag.py:4180} INFO - Setting next_dagrun for job_scrapper to 2025-04-08 00:00:00+00:00, run_after=2025-04-09 00:00:00+00:00
[2025-04-08T03:46:35.990+0000] {processor.py:208} INFO - Processing /opt/airflow/dags/dag_jobs_data_scrapper.py took 0.805 seconds
[2025-04-08T03:47:06.535+0000] {processor.py:186} INFO - Started process (PID=146) to work on /opt/airflow/dags/dag_jobs_data_scrapper.py
[2025-04-08T03:47:06.537+0000] {processor.py:914} INFO - Processing file /opt/airflow/dags/dag_jobs_data_scrapper.py for tasks to queue
[2025-04-08T03:47:06.541+0000] {logging_mixin.py:190} INFO - [2025-04-08T03:47:06.540+0000] {dagbag.py:588} INFO - Filling up the DagBag from /opt/airflow/dags/dag_jobs_data_scrapper.py
[2025-04-08T03:47:07.188+0000] {processor.py:925} INFO - DAG(s) 'job_scrapper' retrieved from /opt/airflow/dags/dag_jobs_data_scrapper.py
[2025-04-08T03:47:07.247+0000] {logging_mixin.py:190} INFO - [2025-04-08T03:47:07.246+0000] {dag.py:3239} INFO - Sync 1 DAGs
[2025-04-08T03:47:07.314+0000] {logging_mixin.py:190} INFO - [2025-04-08T03:47:07.314+0000] {dag.py:4180} INFO - Setting next_dagrun for job_scrapper to 2025-04-08 00:00:00+00:00, run_after=2025-04-09 00:00:00+00:00
[2025-04-08T03:47:07.344+0000] {processor.py:208} INFO - Processing /opt/airflow/dags/dag_jobs_data_scrapper.py took 0.819 seconds
[2025-04-08T03:47:38.453+0000] {processor.py:186} INFO - Started process (PID=152) to work on /opt/airflow/dags/dag_jobs_data_scrapper.py
[2025-04-08T03:47:38.529+0000] {processor.py:914} INFO - Processing file /opt/airflow/dags/dag_jobs_data_scrapper.py for tasks to queue
[2025-04-08T03:47:38.703+0000] {logging_mixin.py:190} INFO - [2025-04-08T03:47:38.696+0000] {dagbag.py:588} INFO - Filling up the DagBag from /opt/airflow/dags/dag_jobs_data_scrapper.py
[2025-04-08T03:47:40.938+0000] {processor.py:925} INFO - DAG(s) 'job_scrapper' retrieved from /opt/airflow/dags/dag_jobs_data_scrapper.py
[2025-04-08T03:47:41.376+0000] {logging_mixin.py:190} INFO - [2025-04-08T03:47:41.374+0000] {dag.py:3239} INFO - Sync 1 DAGs
[2025-04-08T03:47:41.657+0000] {logging_mixin.py:190} INFO - [2025-04-08T03:47:41.656+0000] {dag.py:4180} INFO - Setting next_dagrun for job_scrapper to 2025-04-08 00:00:00+00:00, run_after=2025-04-09 00:00:00+00:00
[2025-04-08T03:47:41.724+0000] {processor.py:208} INFO - Processing /opt/airflow/dags/dag_jobs_data_scrapper.py took 3.693 seconds
[2025-04-08T03:48:11.922+0000] {processor.py:186} INFO - Started process (PID=159) to work on /opt/airflow/dags/dag_jobs_data_scrapper.py
[2025-04-08T03:48:11.923+0000] {processor.py:914} INFO - Processing file /opt/airflow/dags/dag_jobs_data_scrapper.py for tasks to queue
[2025-04-08T03:48:11.926+0000] {logging_mixin.py:190} INFO - [2025-04-08T03:48:11.925+0000] {dagbag.py:588} INFO - Filling up the DagBag from /opt/airflow/dags/dag_jobs_data_scrapper.py
[2025-04-08T03:48:12.118+0000] {processor.py:925} INFO - DAG(s) 'job_scrapper' retrieved from /opt/airflow/dags/dag_jobs_data_scrapper.py
[2025-04-08T03:48:12.163+0000] {logging_mixin.py:190} INFO - [2025-04-08T03:48:12.162+0000] {dag.py:3239} INFO - Sync 1 DAGs
[2025-04-08T03:48:12.186+0000] {logging_mixin.py:190} INFO - [2025-04-08T03:48:12.186+0000] {dag.py:4180} INFO - Setting next_dagrun for job_scrapper to 2025-04-08 00:00:00+00:00, run_after=2025-04-09 00:00:00+00:00
[2025-04-08T03:48:12.206+0000] {processor.py:208} INFO - Processing /opt/airflow/dags/dag_jobs_data_scrapper.py took 0.339 seconds
[2025-04-08T03:48:42.365+0000] {processor.py:186} INFO - Started process (PID=166) to work on /opt/airflow/dags/dag_jobs_data_scrapper.py
[2025-04-08T03:48:42.366+0000] {processor.py:914} INFO - Processing file /opt/airflow/dags/dag_jobs_data_scrapper.py for tasks to queue
[2025-04-08T03:48:42.368+0000] {logging_mixin.py:190} INFO - [2025-04-08T03:48:42.368+0000] {dagbag.py:588} INFO - Filling up the DagBag from /opt/airflow/dags/dag_jobs_data_scrapper.py
[2025-04-08T03:48:42.531+0000] {processor.py:925} INFO - DAG(s) 'job_scrapper' retrieved from /opt/airflow/dags/dag_jobs_data_scrapper.py
[2025-04-08T03:48:42.557+0000] {logging_mixin.py:190} INFO - [2025-04-08T03:48:42.556+0000] {dag.py:3239} INFO - Sync 1 DAGs
[2025-04-08T03:48:42.576+0000] {logging_mixin.py:190} INFO - [2025-04-08T03:48:42.576+0000] {dag.py:4180} INFO - Setting next_dagrun for job_scrapper to 2025-04-08 00:00:00+00:00, run_after=2025-04-09 00:00:00+00:00
[2025-04-08T03:48:42.598+0000] {processor.py:208} INFO - Processing /opt/airflow/dags/dag_jobs_data_scrapper.py took 0.239 seconds
[2025-04-08T03:49:12.868+0000] {processor.py:186} INFO - Started process (PID=173) to work on /opt/airflow/dags/dag_jobs_data_scrapper.py
[2025-04-08T03:49:12.877+0000] {processor.py:914} INFO - Processing file /opt/airflow/dags/dag_jobs_data_scrapper.py for tasks to queue
[2025-04-08T03:49:12.919+0000] {logging_mixin.py:190} INFO - [2025-04-08T03:49:12.916+0000] {dagbag.py:588} INFO - Filling up the DagBag from /opt/airflow/dags/dag_jobs_data_scrapper.py
[2025-04-08T03:49:13.131+0000] {processor.py:925} INFO - DAG(s) 'job_scrapper' retrieved from /opt/airflow/dags/dag_jobs_data_scrapper.py
[2025-04-08T03:49:13.156+0000] {logging_mixin.py:190} INFO - [2025-04-08T03:49:13.156+0000] {dag.py:3239} INFO - Sync 1 DAGs
[2025-04-08T03:49:13.176+0000] {logging_mixin.py:190} INFO - [2025-04-08T03:49:13.176+0000] {dag.py:4180} INFO - Setting next_dagrun for job_scrapper to 2025-04-08 00:00:00+00:00, run_after=2025-04-09 00:00:00+00:00
[2025-04-08T03:49:13.196+0000] {processor.py:208} INFO - Processing /opt/airflow/dags/dag_jobs_data_scrapper.py took 0.334 seconds
[2025-04-08T03:49:43.669+0000] {processor.py:186} INFO - Started process (PID=180) to work on /opt/airflow/dags/dag_jobs_data_scrapper.py
[2025-04-08T03:49:43.670+0000] {processor.py:914} INFO - Processing file /opt/airflow/dags/dag_jobs_data_scrapper.py for tasks to queue
[2025-04-08T03:49:43.672+0000] {logging_mixin.py:190} INFO - [2025-04-08T03:49:43.672+0000] {dagbag.py:588} INFO - Filling up the DagBag from /opt/airflow/dags/dag_jobs_data_scrapper.py
[2025-04-08T03:49:43.829+0000] {processor.py:925} INFO - DAG(s) 'job_scrapper' retrieved from /opt/airflow/dags/dag_jobs_data_scrapper.py
[2025-04-08T03:49:43.853+0000] {logging_mixin.py:190} INFO - [2025-04-08T03:49:43.852+0000] {dag.py:3239} INFO - Sync 1 DAGs
[2025-04-08T03:49:43.873+0000] {logging_mixin.py:190} INFO - [2025-04-08T03:49:43.873+0000] {dag.py:4180} INFO - Setting next_dagrun for job_scrapper to 2025-04-08 00:00:00+00:00, run_after=2025-04-09 00:00:00+00:00
[2025-04-08T03:49:43.894+0000] {processor.py:208} INFO - Processing /opt/airflow/dags/dag_jobs_data_scrapper.py took 0.231 seconds
[2025-04-08T03:50:14.240+0000] {processor.py:186} INFO - Started process (PID=187) to work on /opt/airflow/dags/dag_jobs_data_scrapper.py
[2025-04-08T03:50:14.241+0000] {processor.py:914} INFO - Processing file /opt/airflow/dags/dag_jobs_data_scrapper.py for tasks to queue
[2025-04-08T03:50:14.243+0000] {logging_mixin.py:190} INFO - [2025-04-08T03:50:14.243+0000] {dagbag.py:588} INFO - Filling up the DagBag from /opt/airflow/dags/dag_jobs_data_scrapper.py
[2025-04-08T03:50:14.405+0000] {processor.py:925} INFO - DAG(s) 'job_scrapper' retrieved from /opt/airflow/dags/dag_jobs_data_scrapper.py
[2025-04-08T03:50:14.428+0000] {logging_mixin.py:190} INFO - [2025-04-08T03:50:14.427+0000] {dag.py:3239} INFO - Sync 1 DAGs
[2025-04-08T03:50:14.448+0000] {logging_mixin.py:190} INFO - [2025-04-08T03:50:14.448+0000] {dag.py:4180} INFO - Setting next_dagrun for job_scrapper to 2025-04-08 00:00:00+00:00, run_after=2025-04-09 00:00:00+00:00
[2025-04-08T03:50:14.471+0000] {processor.py:208} INFO - Processing /opt/airflow/dags/dag_jobs_data_scrapper.py took 0.237 seconds
[2025-04-08T03:50:44.917+0000] {processor.py:186} INFO - Started process (PID=194) to work on /opt/airflow/dags/dag_jobs_data_scrapper.py
[2025-04-08T03:50:44.918+0000] {processor.py:914} INFO - Processing file /opt/airflow/dags/dag_jobs_data_scrapper.py for tasks to queue
[2025-04-08T03:50:44.920+0000] {logging_mixin.py:190} INFO - [2025-04-08T03:50:44.920+0000] {dagbag.py:588} INFO - Filling up the DagBag from /opt/airflow/dags/dag_jobs_data_scrapper.py
[2025-04-08T03:50:45.082+0000] {processor.py:925} INFO - DAG(s) 'job_scrapper' retrieved from /opt/airflow/dags/dag_jobs_data_scrapper.py
[2025-04-08T03:50:45.105+0000] {logging_mixin.py:190} INFO - [2025-04-08T03:50:45.104+0000] {dag.py:3239} INFO - Sync 1 DAGs
[2025-04-08T03:50:45.126+0000] {logging_mixin.py:190} INFO - [2025-04-08T03:50:45.126+0000] {dag.py:4180} INFO - Setting next_dagrun for job_scrapper to 2025-04-08 00:00:00+00:00, run_after=2025-04-09 00:00:00+00:00
[2025-04-08T03:50:45.148+0000] {processor.py:208} INFO - Processing /opt/airflow/dags/dag_jobs_data_scrapper.py took 0.236 seconds
[2025-04-08T03:51:15.515+0000] {processor.py:186} INFO - Started process (PID=201) to work on /opt/airflow/dags/dag_jobs_data_scrapper.py
[2025-04-08T03:51:15.516+0000] {processor.py:914} INFO - Processing file /opt/airflow/dags/dag_jobs_data_scrapper.py for tasks to queue
[2025-04-08T03:51:15.518+0000] {logging_mixin.py:190} INFO - [2025-04-08T03:51:15.518+0000] {dagbag.py:588} INFO - Filling up the DagBag from /opt/airflow/dags/dag_jobs_data_scrapper.py
[2025-04-08T03:51:15.680+0000] {processor.py:925} INFO - DAG(s) 'job_scrapper' retrieved from /opt/airflow/dags/dag_jobs_data_scrapper.py
[2025-04-08T03:51:15.704+0000] {logging_mixin.py:190} INFO - [2025-04-08T03:51:15.703+0000] {dag.py:3239} INFO - Sync 1 DAGs
[2025-04-08T03:51:15.725+0000] {logging_mixin.py:190} INFO - [2025-04-08T03:51:15.725+0000] {dag.py:4180} INFO - Setting next_dagrun for job_scrapper to 2025-04-08 00:00:00+00:00, run_after=2025-04-09 00:00:00+00:00
[2025-04-08T03:51:15.747+0000] {processor.py:208} INFO - Processing /opt/airflow/dags/dag_jobs_data_scrapper.py took 0.238 seconds
[2025-04-08T03:51:46.199+0000] {processor.py:186} INFO - Started process (PID=208) to work on /opt/airflow/dags/dag_jobs_data_scrapper.py
[2025-04-08T03:51:46.200+0000] {processor.py:914} INFO - Processing file /opt/airflow/dags/dag_jobs_data_scrapper.py for tasks to queue
[2025-04-08T03:51:46.203+0000] {logging_mixin.py:190} INFO - [2025-04-08T03:51:46.203+0000] {dagbag.py:588} INFO - Filling up the DagBag from /opt/airflow/dags/dag_jobs_data_scrapper.py
[2025-04-08T03:51:46.402+0000] {processor.py:925} INFO - DAG(s) 'job_scrapper' retrieved from /opt/airflow/dags/dag_jobs_data_scrapper.py
[2025-04-08T03:51:46.425+0000] {logging_mixin.py:190} INFO - [2025-04-08T03:51:46.425+0000] {dag.py:3239} INFO - Sync 1 DAGs
[2025-04-08T03:51:46.445+0000] {logging_mixin.py:190} INFO - [2025-04-08T03:51:46.445+0000] {dag.py:4180} INFO - Setting next_dagrun for job_scrapper to 2025-04-08 00:00:00+00:00, run_after=2025-04-09 00:00:00+00:00
[2025-04-08T03:51:46.466+0000] {processor.py:208} INFO - Processing /opt/airflow/dags/dag_jobs_data_scrapper.py took 0.272 seconds
[2025-04-08T03:52:16.748+0000] {processor.py:186} INFO - Started process (PID=215) to work on /opt/airflow/dags/dag_jobs_data_scrapper.py
[2025-04-08T03:52:16.750+0000] {processor.py:914} INFO - Processing file /opt/airflow/dags/dag_jobs_data_scrapper.py for tasks to queue
[2025-04-08T03:52:16.753+0000] {logging_mixin.py:190} INFO - [2025-04-08T03:52:16.752+0000] {dagbag.py:588} INFO - Filling up the DagBag from /opt/airflow/dags/dag_jobs_data_scrapper.py
[2025-04-08T03:52:16.938+0000] {processor.py:925} INFO - DAG(s) 'job_scrapper' retrieved from /opt/airflow/dags/dag_jobs_data_scrapper.py
[2025-04-08T03:52:16.965+0000] {logging_mixin.py:190} INFO - [2025-04-08T03:52:16.965+0000] {dag.py:3239} INFO - Sync 1 DAGs
[2025-04-08T03:52:16.991+0000] {logging_mixin.py:190} INFO - [2025-04-08T03:52:16.991+0000] {dag.py:4180} INFO - Setting next_dagrun for job_scrapper to 2025-04-08 00:00:00+00:00, run_after=2025-04-09 00:00:00+00:00
[2025-04-08T03:52:17.009+0000] {processor.py:208} INFO - Processing /opt/airflow/dags/dag_jobs_data_scrapper.py took 0.267 seconds
[2025-04-08T03:52:47.481+0000] {processor.py:186} INFO - Started process (PID=222) to work on /opt/airflow/dags/dag_jobs_data_scrapper.py
[2025-04-08T03:52:47.482+0000] {processor.py:914} INFO - Processing file /opt/airflow/dags/dag_jobs_data_scrapper.py for tasks to queue
[2025-04-08T03:52:47.484+0000] {logging_mixin.py:190} INFO - [2025-04-08T03:52:47.484+0000] {dagbag.py:588} INFO - Filling up the DagBag from /opt/airflow/dags/dag_jobs_data_scrapper.py
[2025-04-08T03:52:47.636+0000] {processor.py:925} INFO - DAG(s) 'job_scrapper' retrieved from /opt/airflow/dags/dag_jobs_data_scrapper.py
[2025-04-08T03:52:47.658+0000] {logging_mixin.py:190} INFO - [2025-04-08T03:52:47.658+0000] {dag.py:3239} INFO - Sync 1 DAGs
[2025-04-08T03:52:47.678+0000] {logging_mixin.py:190} INFO - [2025-04-08T03:52:47.678+0000] {dag.py:4180} INFO - Setting next_dagrun for job_scrapper to 2025-04-08 00:00:00+00:00, run_after=2025-04-09 00:00:00+00:00
[2025-04-08T03:52:47.697+0000] {processor.py:208} INFO - Processing /opt/airflow/dags/dag_jobs_data_scrapper.py took 0.221 seconds
[2025-04-08T03:53:18.072+0000] {processor.py:186} INFO - Started process (PID=229) to work on /opt/airflow/dags/dag_jobs_data_scrapper.py
[2025-04-08T03:53:18.073+0000] {processor.py:914} INFO - Processing file /opt/airflow/dags/dag_jobs_data_scrapper.py for tasks to queue
[2025-04-08T03:53:18.076+0000] {logging_mixin.py:190} INFO - [2025-04-08T03:53:18.076+0000] {dagbag.py:588} INFO - Filling up the DagBag from /opt/airflow/dags/dag_jobs_data_scrapper.py
[2025-04-08T03:53:18.231+0000] {processor.py:925} INFO - DAG(s) 'job_scrapper' retrieved from /opt/airflow/dags/dag_jobs_data_scrapper.py
[2025-04-08T03:53:18.254+0000] {logging_mixin.py:190} INFO - [2025-04-08T03:53:18.253+0000] {dag.py:3239} INFO - Sync 1 DAGs
[2025-04-08T03:53:18.274+0000] {logging_mixin.py:190} INFO - [2025-04-08T03:53:18.274+0000] {dag.py:4180} INFO - Setting next_dagrun for job_scrapper to 2025-04-08 00:00:00+00:00, run_after=2025-04-09 00:00:00+00:00
[2025-04-08T03:53:18.294+0000] {processor.py:208} INFO - Processing /opt/airflow/dags/dag_jobs_data_scrapper.py took 0.228 seconds
[2025-04-08T03:53:48.731+0000] {processor.py:186} INFO - Started process (PID=236) to work on /opt/airflow/dags/dag_jobs_data_scrapper.py
[2025-04-08T03:53:48.732+0000] {processor.py:914} INFO - Processing file /opt/airflow/dags/dag_jobs_data_scrapper.py for tasks to queue
[2025-04-08T03:53:48.734+0000] {logging_mixin.py:190} INFO - [2025-04-08T03:53:48.734+0000] {dagbag.py:588} INFO - Filling up the DagBag from /opt/airflow/dags/dag_jobs_data_scrapper.py
[2025-04-08T03:53:48.888+0000] {processor.py:925} INFO - DAG(s) 'job_scrapper' retrieved from /opt/airflow/dags/dag_jobs_data_scrapper.py
[2025-04-08T03:53:48.910+0000] {logging_mixin.py:190} INFO - [2025-04-08T03:53:48.909+0000] {dag.py:3239} INFO - Sync 1 DAGs
[2025-04-08T03:53:48.930+0000] {logging_mixin.py:190} INFO - [2025-04-08T03:53:48.930+0000] {dag.py:4180} INFO - Setting next_dagrun for job_scrapper to 2025-04-08 00:00:00+00:00, run_after=2025-04-09 00:00:00+00:00
[2025-04-08T03:53:48.957+0000] {processor.py:208} INFO - Processing /opt/airflow/dags/dag_jobs_data_scrapper.py took 0.231 seconds
[2025-04-08T03:54:19.370+0000] {processor.py:186} INFO - Started process (PID=244) to work on /opt/airflow/dags/dag_jobs_data_scrapper.py
[2025-04-08T03:54:19.371+0000] {processor.py:914} INFO - Processing file /opt/airflow/dags/dag_jobs_data_scrapper.py for tasks to queue
[2025-04-08T03:54:19.373+0000] {logging_mixin.py:190} INFO - [2025-04-08T03:54:19.373+0000] {dagbag.py:588} INFO - Filling up the DagBag from /opt/airflow/dags/dag_jobs_data_scrapper.py
[2025-04-08T03:54:19.534+0000] {processor.py:925} INFO - DAG(s) 'job_scrapper' retrieved from /opt/airflow/dags/dag_jobs_data_scrapper.py
[2025-04-08T03:54:19.569+0000] {logging_mixin.py:190} INFO - [2025-04-08T03:54:19.568+0000] {dag.py:3239} INFO - Sync 1 DAGs
[2025-04-08T03:54:19.592+0000] {logging_mixin.py:190} INFO - [2025-04-08T03:54:19.592+0000] {dag.py:4180} INFO - Setting next_dagrun for job_scrapper to 2025-04-08 00:00:00+00:00, run_after=2025-04-09 00:00:00+00:00
[2025-04-08T03:54:19.610+0000] {processor.py:208} INFO - Processing /opt/airflow/dags/dag_jobs_data_scrapper.py took 0.246 seconds
[2025-04-08T03:54:50.096+0000] {processor.py:186} INFO - Started process (PID=251) to work on /opt/airflow/dags/dag_jobs_data_scrapper.py
[2025-04-08T03:54:50.097+0000] {processor.py:914} INFO - Processing file /opt/airflow/dags/dag_jobs_data_scrapper.py for tasks to queue
[2025-04-08T03:54:50.099+0000] {logging_mixin.py:190} INFO - [2025-04-08T03:54:50.099+0000] {dagbag.py:588} INFO - Filling up the DagBag from /opt/airflow/dags/dag_jobs_data_scrapper.py
[2025-04-08T03:54:50.260+0000] {processor.py:925} INFO - DAG(s) 'job_scrapper' retrieved from /opt/airflow/dags/dag_jobs_data_scrapper.py
[2025-04-08T03:54:50.282+0000] {logging_mixin.py:190} INFO - [2025-04-08T03:54:50.281+0000] {dag.py:3239} INFO - Sync 1 DAGs
[2025-04-08T03:54:50.301+0000] {logging_mixin.py:190} INFO - [2025-04-08T03:54:50.301+0000] {dag.py:4180} INFO - Setting next_dagrun for job_scrapper to 2025-04-08 00:00:00+00:00, run_after=2025-04-09 00:00:00+00:00
[2025-04-08T03:54:50.320+0000] {processor.py:208} INFO - Processing /opt/airflow/dags/dag_jobs_data_scrapper.py took 0.229 seconds
[2025-04-08T03:55:20.697+0000] {processor.py:186} INFO - Started process (PID=258) to work on /opt/airflow/dags/dag_jobs_data_scrapper.py
[2025-04-08T03:55:20.698+0000] {processor.py:914} INFO - Processing file /opt/airflow/dags/dag_jobs_data_scrapper.py for tasks to queue
[2025-04-08T03:55:20.701+0000] {logging_mixin.py:190} INFO - [2025-04-08T03:55:20.701+0000] {dagbag.py:588} INFO - Filling up the DagBag from /opt/airflow/dags/dag_jobs_data_scrapper.py
[2025-04-08T03:55:20.859+0000] {processor.py:925} INFO - DAG(s) 'job_scrapper' retrieved from /opt/airflow/dags/dag_jobs_data_scrapper.py
[2025-04-08T03:55:20.881+0000] {logging_mixin.py:190} INFO - [2025-04-08T03:55:20.880+0000] {dag.py:3239} INFO - Sync 1 DAGs
[2025-04-08T03:55:20.904+0000] {logging_mixin.py:190} INFO - [2025-04-08T03:55:20.903+0000] {dag.py:4180} INFO - Setting next_dagrun for job_scrapper to 2025-04-08 00:00:00+00:00, run_after=2025-04-09 00:00:00+00:00
[2025-04-08T03:55:20.923+0000] {processor.py:208} INFO - Processing /opt/airflow/dags/dag_jobs_data_scrapper.py took 0.231 seconds
[2025-04-08T03:55:51.354+0000] {processor.py:186} INFO - Started process (PID=265) to work on /opt/airflow/dags/dag_jobs_data_scrapper.py
[2025-04-08T03:55:51.356+0000] {processor.py:914} INFO - Processing file /opt/airflow/dags/dag_jobs_data_scrapper.py for tasks to queue
[2025-04-08T03:55:51.363+0000] {logging_mixin.py:190} INFO - [2025-04-08T03:55:51.362+0000] {dagbag.py:588} INFO - Filling up the DagBag from /opt/airflow/dags/dag_jobs_data_scrapper.py
[2025-04-08T03:55:51.540+0000] {processor.py:925} INFO - DAG(s) 'job_scrapper' retrieved from /opt/airflow/dags/dag_jobs_data_scrapper.py
[2025-04-08T03:55:51.574+0000] {logging_mixin.py:190} INFO - [2025-04-08T03:55:51.573+0000] {dag.py:3239} INFO - Sync 1 DAGs
[2025-04-08T03:55:51.609+0000] {logging_mixin.py:190} INFO - [2025-04-08T03:55:51.608+0000] {dag.py:4180} INFO - Setting next_dagrun for job_scrapper to 2025-04-08 00:00:00+00:00, run_after=2025-04-09 00:00:00+00:00
[2025-04-08T03:55:51.630+0000] {processor.py:208} INFO - Processing /opt/airflow/dags/dag_jobs_data_scrapper.py took 0.290 seconds
[2025-04-08T03:56:21.890+0000] {processor.py:186} INFO - Started process (PID=271) to work on /opt/airflow/dags/dag_jobs_data_scrapper.py
[2025-04-08T03:56:21.890+0000] {processor.py:914} INFO - Processing file /opt/airflow/dags/dag_jobs_data_scrapper.py for tasks to queue
[2025-04-08T03:56:21.893+0000] {logging_mixin.py:190} INFO - [2025-04-08T03:56:21.893+0000] {dagbag.py:588} INFO - Filling up the DagBag from /opt/airflow/dags/dag_jobs_data_scrapper.py
[2025-04-08T03:56:22.047+0000] {processor.py:925} INFO - DAG(s) 'job_scrapper' retrieved from /opt/airflow/dags/dag_jobs_data_scrapper.py
[2025-04-08T03:56:22.070+0000] {logging_mixin.py:190} INFO - [2025-04-08T03:56:22.069+0000] {dag.py:3239} INFO - Sync 1 DAGs
[2025-04-08T03:56:22.091+0000] {logging_mixin.py:190} INFO - [2025-04-08T03:56:22.091+0000] {dag.py:4180} INFO - Setting next_dagrun for job_scrapper to 2025-04-08 00:00:00+00:00, run_after=2025-04-09 00:00:00+00:00
[2025-04-08T03:56:22.110+0000] {processor.py:208} INFO - Processing /opt/airflow/dags/dag_jobs_data_scrapper.py took 0.226 seconds
[2025-04-08T03:56:52.351+0000] {processor.py:186} INFO - Started process (PID=277) to work on /opt/airflow/dags/dag_jobs_data_scrapper.py
[2025-04-08T03:56:52.352+0000] {processor.py:914} INFO - Processing file /opt/airflow/dags/dag_jobs_data_scrapper.py for tasks to queue
[2025-04-08T03:56:52.355+0000] {logging_mixin.py:190} INFO - [2025-04-08T03:56:52.354+0000] {dagbag.py:588} INFO - Filling up the DagBag from /opt/airflow/dags/dag_jobs_data_scrapper.py
[2025-04-08T03:56:52.517+0000] {processor.py:925} INFO - DAG(s) 'job_scrapper' retrieved from /opt/airflow/dags/dag_jobs_data_scrapper.py
[2025-04-08T03:56:52.542+0000] {logging_mixin.py:190} INFO - [2025-04-08T03:56:52.541+0000] {dag.py:3239} INFO - Sync 1 DAGs
[2025-04-08T03:56:52.565+0000] {logging_mixin.py:190} INFO - [2025-04-08T03:56:52.564+0000] {dag.py:4180} INFO - Setting next_dagrun for job_scrapper to 2025-04-08 00:00:00+00:00, run_after=2025-04-09 00:00:00+00:00
[2025-04-08T03:56:52.588+0000] {processor.py:208} INFO - Processing /opt/airflow/dags/dag_jobs_data_scrapper.py took 0.243 seconds
[2025-04-08T03:57:22.839+0000] {processor.py:186} INFO - Started process (PID=283) to work on /opt/airflow/dags/dag_jobs_data_scrapper.py
[2025-04-08T03:57:22.842+0000] {processor.py:914} INFO - Processing file /opt/airflow/dags/dag_jobs_data_scrapper.py for tasks to queue
[2025-04-08T03:57:22.845+0000] {logging_mixin.py:190} INFO - [2025-04-08T03:57:22.845+0000] {dagbag.py:588} INFO - Filling up the DagBag from /opt/airflow/dags/dag_jobs_data_scrapper.py
[2025-04-08T03:57:23.006+0000] {processor.py:925} INFO - DAG(s) 'job_scrapper' retrieved from /opt/airflow/dags/dag_jobs_data_scrapper.py
[2025-04-08T03:57:23.030+0000] {logging_mixin.py:190} INFO - [2025-04-08T03:57:23.029+0000] {dag.py:3239} INFO - Sync 1 DAGs
[2025-04-08T03:57:23.049+0000] {logging_mixin.py:190} INFO - [2025-04-08T03:57:23.048+0000] {dag.py:4180} INFO - Setting next_dagrun for job_scrapper to 2025-04-08 00:00:00+00:00, run_after=2025-04-09 00:00:00+00:00
[2025-04-08T03:57:23.068+0000] {processor.py:208} INFO - Processing /opt/airflow/dags/dag_jobs_data_scrapper.py took 0.235 seconds
[2025-04-08T03:57:53.354+0000] {processor.py:186} INFO - Started process (PID=290) to work on /opt/airflow/dags/dag_jobs_data_scrapper.py
[2025-04-08T03:57:53.355+0000] {processor.py:914} INFO - Processing file /opt/airflow/dags/dag_jobs_data_scrapper.py for tasks to queue
[2025-04-08T03:57:53.358+0000] {logging_mixin.py:190} INFO - [2025-04-08T03:57:53.358+0000] {dagbag.py:588} INFO - Filling up the DagBag from /opt/airflow/dags/dag_jobs_data_scrapper.py
[2025-04-08T03:57:53.542+0000] {processor.py:925} INFO - DAG(s) 'job_scrapper' retrieved from /opt/airflow/dags/dag_jobs_data_scrapper.py
[2025-04-08T03:57:53.567+0000] {logging_mixin.py:190} INFO - [2025-04-08T03:57:53.567+0000] {dag.py:3239} INFO - Sync 1 DAGs
[2025-04-08T03:57:53.591+0000] {logging_mixin.py:190} INFO - [2025-04-08T03:57:53.590+0000] {dag.py:4180} INFO - Setting next_dagrun for job_scrapper to 2025-04-08 00:00:00+00:00, run_after=2025-04-09 00:00:00+00:00
[2025-04-08T03:57:53.610+0000] {processor.py:208} INFO - Processing /opt/airflow/dags/dag_jobs_data_scrapper.py took 0.264 seconds
[2025-04-08T03:58:24.134+0000] {processor.py:186} INFO - Started process (PID=297) to work on /opt/airflow/dags/dag_jobs_data_scrapper.py
[2025-04-08T03:58:24.136+0000] {processor.py:914} INFO - Processing file /opt/airflow/dags/dag_jobs_data_scrapper.py for tasks to queue
[2025-04-08T03:58:24.146+0000] {logging_mixin.py:190} INFO - [2025-04-08T03:58:24.146+0000] {dagbag.py:588} INFO - Filling up the DagBag from /opt/airflow/dags/dag_jobs_data_scrapper.py
[2025-04-08T03:58:24.413+0000] {processor.py:925} INFO - DAG(s) 'job_scrapper' retrieved from /opt/airflow/dags/dag_jobs_data_scrapper.py
[2025-04-08T03:58:24.456+0000] {logging_mixin.py:190} INFO - [2025-04-08T03:58:24.455+0000] {dag.py:3239} INFO - Sync 1 DAGs
[2025-04-08T03:58:24.491+0000] {logging_mixin.py:190} INFO - [2025-04-08T03:58:24.491+0000] {dag.py:4180} INFO - Setting next_dagrun for job_scrapper to 2025-04-08 00:00:00+00:00, run_after=2025-04-09 00:00:00+00:00
[2025-04-08T03:58:24.516+0000] {processor.py:208} INFO - Processing /opt/airflow/dags/dag_jobs_data_scrapper.py took 0.402 seconds
[2025-04-08T03:58:54.615+0000] {processor.py:186} INFO - Started process (PID=304) to work on /opt/airflow/dags/dag_jobs_data_scrapper.py
[2025-04-08T03:58:54.616+0000] {processor.py:914} INFO - Processing file /opt/airflow/dags/dag_jobs_data_scrapper.py for tasks to queue
[2025-04-08T03:58:54.618+0000] {logging_mixin.py:190} INFO - [2025-04-08T03:58:54.618+0000] {dagbag.py:588} INFO - Filling up the DagBag from /opt/airflow/dags/dag_jobs_data_scrapper.py
[2025-04-08T03:58:54.795+0000] {processor.py:925} INFO - DAG(s) 'job_scrapper' retrieved from /opt/airflow/dags/dag_jobs_data_scrapper.py
[2025-04-08T03:58:54.820+0000] {logging_mixin.py:190} INFO - [2025-04-08T03:58:54.819+0000] {dag.py:3239} INFO - Sync 1 DAGs
[2025-04-08T03:58:54.840+0000] {logging_mixin.py:190} INFO - [2025-04-08T03:58:54.840+0000] {dag.py:4180} INFO - Setting next_dagrun for job_scrapper to 2025-04-08 00:00:00+00:00, run_after=2025-04-09 00:00:00+00:00
[2025-04-08T03:58:54.861+0000] {processor.py:208} INFO - Processing /opt/airflow/dags/dag_jobs_data_scrapper.py took 0.252 seconds
[2025-04-08T03:59:25.138+0000] {processor.py:186} INFO - Started process (PID=311) to work on /opt/airflow/dags/dag_jobs_data_scrapper.py
[2025-04-08T03:59:25.140+0000] {processor.py:914} INFO - Processing file /opt/airflow/dags/dag_jobs_data_scrapper.py for tasks to queue
[2025-04-08T03:59:25.144+0000] {logging_mixin.py:190} INFO - [2025-04-08T03:59:25.143+0000] {dagbag.py:588} INFO - Filling up the DagBag from /opt/airflow/dags/dag_jobs_data_scrapper.py
[2025-04-08T03:59:25.414+0000] {processor.py:925} INFO - DAG(s) 'job_scrapper' retrieved from /opt/airflow/dags/dag_jobs_data_scrapper.py
[2025-04-08T03:59:25.448+0000] {logging_mixin.py:190} INFO - [2025-04-08T03:59:25.446+0000] {dag.py:3239} INFO - Sync 1 DAGs
[2025-04-08T03:59:25.496+0000] {logging_mixin.py:190} INFO - [2025-04-08T03:59:25.496+0000] {dag.py:4180} INFO - Setting next_dagrun for job_scrapper to 2025-04-08 00:00:00+00:00, run_after=2025-04-09 00:00:00+00:00
[2025-04-08T03:59:25.530+0000] {processor.py:208} INFO - Processing /opt/airflow/dags/dag_jobs_data_scrapper.py took 0.401 seconds
[2025-04-08T03:59:55.851+0000] {processor.py:186} INFO - Started process (PID=318) to work on /opt/airflow/dags/dag_jobs_data_scrapper.py
[2025-04-08T03:59:55.853+0000] {processor.py:914} INFO - Processing file /opt/airflow/dags/dag_jobs_data_scrapper.py for tasks to queue
[2025-04-08T03:59:55.867+0000] {logging_mixin.py:190} INFO - [2025-04-08T03:59:55.866+0000] {dagbag.py:588} INFO - Filling up the DagBag from /opt/airflow/dags/dag_jobs_data_scrapper.py
[2025-04-08T03:59:56.436+0000] {processor.py:925} INFO - DAG(s) 'job_scrapper' retrieved from /opt/airflow/dags/dag_jobs_data_scrapper.py
[2025-04-08T03:59:56.714+0000] {logging_mixin.py:190} INFO - [2025-04-08T03:59:56.709+0000] {dag.py:3239} INFO - Sync 1 DAGs
[2025-04-08T03:59:56.907+0000] {logging_mixin.py:190} INFO - [2025-04-08T03:59:56.906+0000] {dag.py:4180} INFO - Setting next_dagrun for job_scrapper to 2025-04-08 00:00:00+00:00, run_after=2025-04-09 00:00:00+00:00
[2025-04-08T03:59:57.116+0000] {processor.py:208} INFO - Processing /opt/airflow/dags/dag_jobs_data_scrapper.py took 1.294 seconds
