[2025-04-09T06:08:25.538+0000] {local_task_job_runner.py:123} INFO - ::group::Pre task execution logs
[2025-04-09T06:08:25.569+0000] {taskinstance.py:2613} INFO - Dependencies all met for dep_context=non-requeueable deps ti=<TaskInstance: job_scrapper.scrape_job_links scheduled__2025-04-08T00:00:00+00:00 [queued]>
[2025-04-09T06:08:25.598+0000] {taskinstance.py:2613} INFO - Dependencies all met for dep_context=requeueable deps ti=<TaskInstance: job_scrapper.scrape_job_links scheduled__2025-04-08T00:00:00+00:00 [queued]>
[2025-04-09T06:08:25.600+0000] {taskinstance.py:2866} INFO - Starting attempt 1 of 1
[2025-04-09T06:08:25.635+0000] {taskinstance.py:2889} INFO - Executing <Task(PythonOperator): scrape_job_links> on 2025-04-08 00:00:00+00:00
[2025-04-09T06:08:25.662+0000] {warnings.py:112} WARNING - /home/***/.local/lib/python3.12/site-packages/***/task/task_runner/standard_task_runner.py:70: DeprecationWarning: This process (pid=87) is multi-threaded, use of fork() may lead to deadlocks in the child.
  pid = os.fork()

[2025-04-09T06:08:25.669+0000] {standard_task_runner.py:72} INFO - Started process 88 to run task
[2025-04-09T06:08:25.667+0000] {standard_task_runner.py:104} INFO - Running: ['***', 'tasks', 'run', 'job_scrapper', 'scrape_job_links', 'scheduled__2025-04-08T00:00:00+00:00', '--job-id', '160', '--raw', '--subdir', 'DAGS_FOLDER/dag_jobs_data_scrapper.py', '--cfg-path', '/tmp/tmpjf_f33yo']
[2025-04-09T06:08:25.692+0000] {standard_task_runner.py:105} INFO - Job 160: Subtask scrape_job_links
[2025-04-09T06:08:25.839+0000] {task_command.py:467} INFO - Running <TaskInstance: job_scrapper.scrape_job_links scheduled__2025-04-08T00:00:00+00:00 [running]> on host 4875bd53f3b6
[2025-04-09T06:08:26.029+0000] {taskinstance.py:3132} INFO - Exporting env vars: AIRFLOW_CTX_DAG_OWNER='***' AIRFLOW_CTX_DAG_ID='job_scrapper' AIRFLOW_CTX_TASK_ID='scrape_job_links' AIRFLOW_CTX_EXECUTION_DATE='2025-04-08T00:00:00+00:00' AIRFLOW_CTX_TRY_NUMBER='1' AIRFLOW_CTX_DAG_RUN_ID='scheduled__2025-04-08T00:00:00+00:00'
[2025-04-09T06:08:26.032+0000] {taskinstance.py:731} INFO - ::endgroup::
[2025-04-09T06:08:26.070+0000] {logging_mixin.py:190} INFO - 
Processing job role: data engineer
[2025-04-09T06:08:26.071+0000] {logging_mixin.py:190} INFO - URL: https://www.linkedin.com/jobs/search/?keywords=data+engineer&f_TPR=r500&location=United+States
[2025-04-09T06:08:27.182+0000] {logging_mixin.py:190} INFO - Successfully scraped 1 job links
[2025-04-09T06:08:27.184+0000] {logging_mixin.py:190} INFO - After filtering: 0 relevant job links found
[2025-04-09T06:08:27.186+0000] {python.py:240} INFO - Done. Returned value was: {'data_engineer': []}
[2025-04-09T06:08:27.241+0000] {taskinstance.py:340} INFO - ::group::Post task execution logs
[2025-04-09T06:08:27.242+0000] {taskinstance.py:352} INFO - Marking task as SUCCESS. dag_id=job_scrapper, task_id=scrape_job_links, run_id=scheduled__2025-04-08T00:00:00+00:00, execution_date=20250408T000000, start_date=20250409T060825, end_date=20250409T060827
[2025-04-09T06:08:27.311+0000] {local_task_job_runner.py:266} INFO - Task exited with return code 0
[2025-04-09T06:08:27.352+0000] {taskinstance.py:3895} INFO - 1 downstream tasks scheduled from follow-on schedule check
[2025-04-09T06:08:27.357+0000] {local_task_job_runner.py:245} INFO - ::endgroup::
