[2025-04-08T03:45:06.498+0000] {local_task_job_runner.py:123} INFO - ::group::Pre task execution logs
[2025-04-08T03:45:06.549+0000] {taskinstance.py:2613} INFO - Dependencies all met for dep_context=non-requeueable deps ti=<TaskInstance: job_scrapper.process_jobs_by_role.process_data_engineer_jobs manual__2025-04-08T03:44:53.662356+00:00 [queued]>
[2025-04-08T03:45:06.573+0000] {taskinstance.py:2613} INFO - Dependencies all met for dep_context=requeueable deps ti=<TaskInstance: job_scrapper.process_jobs_by_role.process_data_engineer_jobs manual__2025-04-08T03:44:53.662356+00:00 [queued]>
[2025-04-08T03:45:06.576+0000] {taskinstance.py:2866} INFO - Starting attempt 1 of 1
[2025-04-08T03:45:06.640+0000] {taskinstance.py:2889} INFO - Executing <Task(PythonOperator): process_jobs_by_role.process_data_engineer_jobs> on 2025-04-08 03:44:53.662356+00:00
[2025-04-08T03:45:06.655+0000] {warnings.py:112} WARNING - /home/***/.local/lib/python3.12/site-packages/***/task/task_runner/standard_task_runner.py:70: DeprecationWarning: This process (pid=110) is multi-threaded, use of fork() may lead to deadlocks in the child.
  pid = os.fork()

[2025-04-08T03:45:06.666+0000] {standard_task_runner.py:72} INFO - Started process 118 to run task
[2025-04-08T03:45:06.670+0000] {standard_task_runner.py:104} INFO - Running: ['***', 'tasks', 'run', 'job_scrapper', 'process_jobs_by_role.process_data_engineer_jobs', 'manual__2025-04-08T03:44:53.662356+00:00', '--job-id', '157', '--raw', '--subdir', 'DAGS_FOLDER/dag_jobs_data_scrapper.py', '--cfg-path', '/tmp/tmpqlhh71c5']
[2025-04-08T03:45:06.677+0000] {standard_task_runner.py:105} INFO - Job 157: Subtask process_jobs_by_role.process_data_engineer_jobs
[2025-04-08T03:45:06.784+0000] {task_command.py:467} INFO - Running <TaskInstance: job_scrapper.process_jobs_by_role.process_data_engineer_jobs manual__2025-04-08T03:44:53.662356+00:00 [running]> on host 4875bd53f3b6
[2025-04-08T03:45:06.948+0000] {taskinstance.py:3132} INFO - Exporting env vars: AIRFLOW_CTX_DAG_OWNER='***' AIRFLOW_CTX_DAG_ID='job_scrapper' AIRFLOW_CTX_TASK_ID='process_jobs_by_role.process_data_engineer_jobs' AIRFLOW_CTX_EXECUTION_DATE='2025-04-08T03:44:53.662356+00:00' AIRFLOW_CTX_TRY_NUMBER='1' AIRFLOW_CTX_DAG_RUN_ID='manual__2025-04-08T03:44:53.662356+00:00'
[2025-04-08T03:45:06.949+0000] {taskinstance.py:731} INFO - ::endgroup::
[2025-04-08T03:45:06.988+0000] {logging_mixin.py:190} INFO - Scraping job 1/8: data_engineer from https://www.linkedin.com/jobs/view/data-engineer-isft-at-amazon-4203734054?position=2&pageNum=0&refId=IguYhejqxKGA5lj3Ly51RQ%3D%3D&trackingId=st1jbsfBpuGqVza3MQA6fA%3D%3D
[2025-04-08T03:45:09.426+0000] {selenium_manager.py:138} WARNING - The chromedriver version (134.0.6998.117) detected in PATH at /usr/local/bin/chromedriver might not be compatible with the detected chrome version (135.0.7049.52); currently, chromedriver 135.0.7049.42 is recommended for chrome 135.*, so it is advised to delete the driver in PATH and retry
[2025-04-08T03:45:25.262+0000] {connection.py:277} WARNING - Connection schemes (type: google_cloud_platform) shall not contain '_' according to RFC3986.
[2025-04-08T03:45:25.265+0000] {base.py:84} INFO - Retrieving connection 'google_cloud_default'
[2025-04-08T03:45:25.902+0000] {gcs.py:578} INFO - File data_engineer.json uploaded to 2025/4/7/23/data_engineer/data_engineer_09cd77d5-f6ea-4ebe-92a8-bf2c03242a68.json in botfolio bucket
[2025-04-08T03:45:25.904+0000] {hook.py:208} WARNING - Data lineage tracking is disabled. Register a hook lineage reader to start tracking hook lineage.
[2025-04-08T03:45:25.905+0000] {logging_mixin.py:190} INFO - Data Uploaded successfully
[2025-04-08T03:45:25.907+0000] {logging_mixin.py:190} INFO - Scraping job 2/8: data_engineer from https://www.linkedin.com/jobs/view/ai-data-engineer-automotive-at-alten-technology-usa-4203732416?position=9&pageNum=0&refId=IguYhejqxKGA5lj3Ly51RQ%3D%3D&trackingId=Xhvi8pGtC0Z98zL0m0iRFw%3D%3D
[2025-04-08T03:45:25.956+0000] {selenium_manager.py:138} WARNING - The chromedriver version (134.0.6998.117) detected in PATH at /usr/local/bin/chromedriver might not be compatible with the detected chrome version (135.0.7049.52); currently, chromedriver 135.0.7049.42 is recommended for chrome 135.*, so it is advised to delete the driver in PATH and retry
[2025-04-08T03:45:37.526+0000] {connection.py:277} WARNING - Connection schemes (type: google_cloud_platform) shall not contain '_' according to RFC3986.
[2025-04-08T03:45:37.528+0000] {base.py:84} INFO - Retrieving connection 'google_cloud_default'
[2025-04-08T03:45:37.944+0000] {hook.py:208} WARNING - Data lineage tracking is disabled. Register a hook lineage reader to start tracking hook lineage.
[2025-04-08T03:45:37.944+0000] {gcs.py:578} INFO - File data_engineer.json uploaded to 2025/4/7/23/data_engineer/data_engineer_3d034dbf-5553-49db-8aab-e16827d3c1d6.json in botfolio bucket
[2025-04-08T03:45:37.945+0000] {hook.py:208} WARNING - Data lineage tracking is disabled. Register a hook lineage reader to start tracking hook lineage.
[2025-04-08T03:45:37.946+0000] {logging_mixin.py:190} INFO - Data Uploaded successfully
[2025-04-08T03:45:37.946+0000] {logging_mixin.py:190} INFO - Scraping job 3/8: data_engineer from https://www.linkedin.com/jobs/view/avp-tech-lead-data-engineer-at-synchrony-4203572561?position=12&pageNum=0&refId=IguYhejqxKGA5lj3Ly51RQ%3D%3D&trackingId=sAwt3sBge%2BH7hXB8kcJLtA%3D%3D
[2025-04-08T03:45:37.998+0000] {selenium_manager.py:138} WARNING - The chromedriver version (134.0.6998.117) detected in PATH at /usr/local/bin/chromedriver might not be compatible with the detected chrome version (135.0.7049.52); currently, chromedriver 135.0.7049.42 is recommended for chrome 135.*, so it is advised to delete the driver in PATH and retry
[2025-04-08T03:45:51.235+0000] {connection.py:277} WARNING - Connection schemes (type: google_cloud_platform) shall not contain '_' according to RFC3986.
[2025-04-08T03:45:51.246+0000] {base.py:84} INFO - Retrieving connection 'google_cloud_default'
[2025-04-08T03:45:51.796+0000] {hook.py:208} WARNING - Data lineage tracking is disabled. Register a hook lineage reader to start tracking hook lineage.
[2025-04-08T03:45:51.797+0000] {gcs.py:578} INFO - File data_engineer.json uploaded to 2025/4/7/23/data_engineer/data_engineer_52ee244d-eb99-42b0-8e00-3f21af8c13f8.json in botfolio bucket
[2025-04-08T03:45:51.797+0000] {hook.py:208} WARNING - Data lineage tracking is disabled. Register a hook lineage reader to start tracking hook lineage.
[2025-04-08T03:45:51.798+0000] {logging_mixin.py:190} INFO - Data Uploaded successfully
[2025-04-08T03:45:51.799+0000] {logging_mixin.py:190} INFO - Scraping job 4/8: data_engineer from https://www.linkedin.com/jobs/view/digital-data-engineer-remote-at-trustage-4202436420?position=4&pageNum=0&refId=IguYhejqxKGA5lj3Ly51RQ%3D%3D&trackingId=VfSMKQWFADX9fZj%2Fv1m25Q%3D%3D
[2025-04-08T03:45:51.919+0000] {selenium_manager.py:138} WARNING - The chromedriver version (134.0.6998.117) detected in PATH at /usr/local/bin/chromedriver might not be compatible with the detected chrome version (135.0.7049.52); currently, chromedriver 135.0.7049.42 is recommended for chrome 135.*, so it is advised to delete the driver in PATH and retry
[2025-04-08T03:46:09.363+0000] {connection.py:277} WARNING - Connection schemes (type: google_cloud_platform) shall not contain '_' according to RFC3986.
[2025-04-08T03:46:09.366+0000] {base.py:84} INFO - Retrieving connection 'google_cloud_default'
[2025-04-08T03:46:09.825+0000] {hook.py:208} WARNING - Data lineage tracking is disabled. Register a hook lineage reader to start tracking hook lineage.
[2025-04-08T03:46:09.827+0000] {gcs.py:578} INFO - File data_engineer.json uploaded to 2025/4/7/23/data_engineer/data_engineer_b1e4216f-2ade-4447-b979-839baf6ccf54.json in botfolio bucket
[2025-04-08T03:46:09.828+0000] {hook.py:208} WARNING - Data lineage tracking is disabled. Register a hook lineage reader to start tracking hook lineage.
[2025-04-08T03:46:09.829+0000] {logging_mixin.py:190} INFO - Data Uploaded successfully
[2025-04-08T03:46:09.830+0000] {logging_mixin.py:190} INFO - Scraping job 5/8: data_engineer from https://www.linkedin.com/jobs/view/data-engineer-iii-hybrid-at-boston-children-s-hospital-4203725828?position=6&pageNum=0&refId=IguYhejqxKGA5lj3Ly51RQ%3D%3D&trackingId=frMcr%2Fi%2BG%2FndwQbaMQsoIg%3D%3D
[2025-04-08T03:46:09.882+0000] {selenium_manager.py:138} WARNING - The chromedriver version (134.0.6998.117) detected in PATH at /usr/local/bin/chromedriver might not be compatible with the detected chrome version (135.0.7049.52); currently, chromedriver 135.0.7049.42 is recommended for chrome 135.*, so it is advised to delete the driver in PATH and retry
[2025-04-08T03:46:21.182+0000] {connection.py:277} WARNING - Connection schemes (type: google_cloud_platform) shall not contain '_' according to RFC3986.
[2025-04-08T03:46:21.184+0000] {base.py:84} INFO - Retrieving connection 'google_cloud_default'
[2025-04-08T03:46:21.604+0000] {hook.py:208} WARNING - Data lineage tracking is disabled. Register a hook lineage reader to start tracking hook lineage.
[2025-04-08T03:46:21.605+0000] {gcs.py:578} INFO - File data_engineer.json uploaded to 2025/4/7/23/data_engineer/data_engineer_eb3857de-b7d2-4af0-a760-ab5440c4bdf2.json in botfolio bucket
[2025-04-08T03:46:21.606+0000] {hook.py:208} WARNING - Data lineage tracking is disabled. Register a hook lineage reader to start tracking hook lineage.
[2025-04-08T03:46:21.606+0000] {logging_mixin.py:190} INFO - Data Uploaded successfully
[2025-04-08T03:46:21.607+0000] {logging_mixin.py:190} INFO - Scraping job 6/8: data_engineer from https://www.linkedin.com/jobs/view/big-data-engineer-at-boost-mobile-4203882093?position=5&pageNum=0&refId=IguYhejqxKGA5lj3Ly51RQ%3D%3D&trackingId=e%2Fur4r7zXnd7uM03UEYc7w%3D%3D
[2025-04-08T03:46:21.654+0000] {selenium_manager.py:138} WARNING - The chromedriver version (134.0.6998.117) detected in PATH at /usr/local/bin/chromedriver might not be compatible with the detected chrome version (135.0.7049.52); currently, chromedriver 135.0.7049.42 is recommended for chrome 135.*, so it is advised to delete the driver in PATH and retry
[2025-04-08T03:46:34.361+0000] {connection.py:277} WARNING - Connection schemes (type: google_cloud_platform) shall not contain '_' according to RFC3986.
[2025-04-08T03:46:34.364+0000] {base.py:84} INFO - Retrieving connection 'google_cloud_default'
[2025-04-08T03:46:34.840+0000] {hook.py:208} WARNING - Data lineage tracking is disabled. Register a hook lineage reader to start tracking hook lineage.
[2025-04-08T03:46:34.841+0000] {gcs.py:578} INFO - File data_engineer.json uploaded to 2025/4/7/23/data_engineer/data_engineer_93070751-497e-4f54-a77e-8e8df6d2f9bf.json in botfolio bucket
[2025-04-08T03:46:34.843+0000] {hook.py:208} WARNING - Data lineage tracking is disabled. Register a hook lineage reader to start tracking hook lineage.
[2025-04-08T03:46:34.845+0000] {logging_mixin.py:190} INFO - Data Uploaded successfully
[2025-04-08T03:46:34.847+0000] {logging_mixin.py:190} INFO - Scraping job 7/8: data_engineer from https://www.linkedin.com/jobs/view/avp-tech-lead-data-engineer-at-synchrony-4203571681?position=13&pageNum=0&refId=IguYhejqxKGA5lj3Ly51RQ%3D%3D&trackingId=AS59pOUFdVqfdJPfTfMItQ%3D%3D
[2025-04-08T03:46:34.978+0000] {selenium_manager.py:138} WARNING - The chromedriver version (134.0.6998.117) detected in PATH at /usr/local/bin/chromedriver might not be compatible with the detected chrome version (135.0.7049.52); currently, chromedriver 135.0.7049.42 is recommended for chrome 135.*, so it is advised to delete the driver in PATH and retry
[2025-04-08T03:46:48.323+0000] {connection.py:277} WARNING - Connection schemes (type: google_cloud_platform) shall not contain '_' according to RFC3986.
[2025-04-08T03:46:48.325+0000] {base.py:84} INFO - Retrieving connection 'google_cloud_default'
[2025-04-08T03:46:48.774+0000] {hook.py:208} WARNING - Data lineage tracking is disabled. Register a hook lineage reader to start tracking hook lineage.
[2025-04-08T03:46:48.776+0000] {gcs.py:578} INFO - File data_engineer.json uploaded to 2025/4/7/23/data_engineer/data_engineer_ff720e77-7ca4-4df6-ac8d-1ee0e4d8d433.json in botfolio bucket
[2025-04-08T03:46:48.777+0000] {hook.py:208} WARNING - Data lineage tracking is disabled. Register a hook lineage reader to start tracking hook lineage.
[2025-04-08T03:46:48.778+0000] {logging_mixin.py:190} INFO - Data Uploaded successfully
[2025-04-08T03:46:48.780+0000] {logging_mixin.py:190} INFO - Scraping job 8/8: data_engineer from https://www.linkedin.com/jobs/view/staff-data-engineer-at-nbcuniversal-4202433357?position=15&pageNum=0&refId=IguYhejqxKGA5lj3Ly51RQ%3D%3D&trackingId=Qm9CS2%2BupR7siTQYhsri5w%3D%3D
[2025-04-08T03:46:48.860+0000] {selenium_manager.py:138} WARNING - The chromedriver version (134.0.6998.117) detected in PATH at /usr/local/bin/chromedriver might not be compatible with the detected chrome version (135.0.7049.52); currently, chromedriver 135.0.7049.42 is recommended for chrome 135.*, so it is advised to delete the driver in PATH and retry
[2025-04-08T03:46:59.601+0000] {connection.py:277} WARNING - Connection schemes (type: google_cloud_platform) shall not contain '_' according to RFC3986.
[2025-04-08T03:46:59.603+0000] {base.py:84} INFO - Retrieving connection 'google_cloud_default'
[2025-04-08T03:47:00.032+0000] {hook.py:208} WARNING - Data lineage tracking is disabled. Register a hook lineage reader to start tracking hook lineage.
[2025-04-08T03:47:00.033+0000] {gcs.py:578} INFO - File data_engineer.json uploaded to 2025/4/7/23/data_engineer/data_engineer_0bf81c25-e121-478a-939e-c0af1aa5ac67.json in botfolio bucket
[2025-04-08T03:47:00.033+0000] {hook.py:208} WARNING - Data lineage tracking is disabled. Register a hook lineage reader to start tracking hook lineage.
[2025-04-08T03:47:00.035+0000] {logging_mixin.py:190} INFO - Data Uploaded successfully
[2025-04-08T03:47:00.037+0000] {logging_mixin.py:190} INFO - Temporary file data_engineer.json removed
[2025-04-08T03:47:00.038+0000] {logging_mixin.py:190} INFO - All 0 jobs successfully saved to JSON and uploaded to GCS
[2025-04-08T03:47:00.044+0000] {python.py:240} INFO - Done. Returned value was: []
[2025-04-08T03:47:00.215+0000] {taskinstance.py:340} INFO - ::group::Post task execution logs
[2025-04-08T03:47:00.218+0000] {taskinstance.py:352} INFO - Marking task as SUCCESS. dag_id=job_scrapper, task_id=process_jobs_by_role.process_data_engineer_jobs, run_id=manual__2025-04-08T03:44:53.662356+00:00, execution_date=20250408T034453, start_date=20250408T034506, end_date=20250408T034700
[2025-04-08T03:47:00.507+0000] {local_task_job_runner.py:266} INFO - Task exited with return code 0
[2025-04-08T03:47:00.813+0000] {taskinstance.py:3895} INFO - 0 downstream tasks scheduled from follow-on schedule check
[2025-04-08T03:47:00.822+0000] {local_task_job_runner.py:245} INFO - ::endgroup::
